[    0.000000 Initializing cgroup subsys cpuset
[  000000] Initializing cgroup subsys cpu
[    0.000000] Initializing cgroup subsys cpuacct
[    0.000000] Linux version 4.4.0-128-generic (buildd@lcy01-amd64-0) (gc version 5.4.0 20160609 (buntu 5.4.0-6ubuntu1~16.04.9) ) #154-Ubuntu SMP Fri May 25 14:15:18 UTC 2018 (Ubuntu 4.4.0-128.154-generic 4.4.131)
[    00000] Commandin BOT_IGEbot/vmliz-4.0-128-generic root=LABEL=cloudimg-rootfs ro console=tty1 console=ttyS0
[    0.000000] KERNEL supported cpus:
[    0.000000]   Intel GenuineIntel
[    0.00000] AMAuthenticA
   0.00000] Ceaur Centaurul
[    0.000]x86/fpuxstate_offset[2]:  576, xstate_sizes[2]:  256
[    0.000000] x86/fpu: Supporting XSAVE feature 0x01: 'x87 floing point registers'[   0.000000] x86/fpu: Supporting XSAVEeare 0x02: 'SSE giers'
[    0.000000] x86/fpu: Supporting XSAVE feature 0x04: 'AVX registers'
[    0.000000] x86/fpu: Enabled xstate features 0x7, context size is 832 bytes, using 'standard' format.
[    0.000000] x86/fpu: Using 'lazy' FPU context switches.
[    0.000000] e820: BIOS-provided physical RAM map:
[    0.000000] BIOS-e820: [mem 0x0000000000000000-0x000000000009fb] abe
[  0.0000] BIOS82 [eem 0x00000009fc00-000000000009ffff] reserved
[    0.000000] BIOS-e820: [mem 0x00000000000f0000-0x00000000000fffff] reserved
[    0.000000] BIOS-e820: [mem 0x0000000000100000-0x000000003ffeffff] usable
[    0.000000] BIOS-e820: [mem 0x000000003fff0000-0x000000003fffffff] ACPI data
[    0.000000] BIOS-e820: [mem 0x00000000fec00000-0x00000000fec00fff] reserved
[    0.000000] BIOS-e820: [mem 0x00000000fee0000-0x0000000fe00f] reserved
[    0.000000] BIOS-e820: [mem 0x00000000fffc0000-0x00000000ffffffff] reserved
[    0.000000] NX (Execute Disable) protection: active
[    0.000000] SMBIOS 2.5 present.
[    0.000000] ypervisor detected: KVM
[    0.000000] e820: last_pfn = 0x3fff0 max_rchpfn = 0x400000000
[   0.0000] MTRR: Disabled
[    0.000000] x86/PAT: MTRRs disabled, skipping PAT initialization too.
[    0.000000] CPU MTRRs all blank - virtualized system.
[    0.000000] x86/PAT: Configuration [0-7]: WB  WT  UC- UC  WB  WT  UC- UC  
[    0.000000] found SMP MP-table at [mem 0x0009fff0-0x0009ffff] mapped at [ffff88000009fff0]
[    0.000000] Scanng 1 areas for low memory corruption
[    0.000000] RAMDISK: [mem 0x36aa4000-0x37549fff]
[    0.000000] ACPI: Early table checksum verification disabled
[    0.000000] ACPI: RSDP 0x00000000000E0000 000024 (v02 VBOX  )
[    0.000000] ACPI: XSDT 0x000000003FFF0030 00003C (v01 VBOX   VBOXXSDT 00000001 ASL  00000061)
[    0.000000] ACPI: FACP 0x000000003FFF00F0 0000F4 (v04 VBOX   VBOXFACP 00000001 ASL  00000061)
[    0.000000] ACPI: DSDT 0x000000003FFF0470 0021FF (v02 VBOX   VBOXBIOS 00000002 INTL 20100528)
[    0.000000] ACPI: FACS 0x000000003FFF0200 000040
[    0.000000] ACPI: FACS 0x000000003FFF0200 000040
[    0.000000] ACPI: APIC 0x000000003FFF0240 00005C (v02 VBOX   VBOXAPIC 00000001 ASL  00000061)
[    0.000000] ACPI: SSDT 0x000000003FFF02A0 0001CC (v01 VBOX   VBOXCPUT 00000002 INTL 20100528)
[    0.000000] No NUMA configuration found
[    0.000000] Faking a node at [mem 0x0000000000000000-0x000000003ffeffff]
[    0.000000] NODE_DATA(0) allocated [mem 0x3ffeb000-0x3ffeffff]
[    0.000000] kvm-cloc: ing msrs 4b564d01 and 4b564d0
[  0.000000] kvmlo: pu 0, msr 0:3f30, primary cpu cloc
[  .0000] m-clock: insced offseof14805582cyes
[    0.000000] cloksrce: vm-clock: ma: fffffffffffffmax_cycles: 0x1cd42e4dffb, max_idle_ns: 881590591483 ns
[    0.000000] Zone ranges:
[    0.000000]   DMA      [mem 0x0000000000001000-0x0000000000ffffff]
[    0.000000]   DMA32    [mem 0x00000001000000-0x000000003ffeffff]
[    0.000000]   Normal   empty
[    0.000000]   Device   empty
[    0.000000] Movable zone start for eh node
[    0.000000] Early memory node ranges
[    0.000000]   node   0: [mem 0x0000000000001000-0x000000000009efff]
[    0.000000]   node   0: [mem 0x0000000000100000-0x000000003ffeffff]
[    0.000000] Initmem setup node 0 [mem 0x0000000000001000-0x000000003ffeffff]
[    0.000000] AI:M-Timer IOor 0x4008
[  00000] IOAC[: pic_ 2, version 32, address 0xfec00000, GSI 0-23
[    0.000000] ACPI: INT_SRC_OVR (bus 0 bus_irq 0 global_irq 2 dfl dfl)
[    0.000000] ACPI: INT_SRC_OVR (bus 0 bus_irq 9 global_irq 9 low level)
[    0.000000] Using ACPI (MADT) for SMP configuration information
[    0.000000] smpboot: Allowing  CPUs, 0hotplug CPU
   00000 P: Registerd sae mery[mm 0x0000000-0x00000fff]
[    0.000000] PM: Registered nosave memory: [mem 0x0009f000-0x0009ffff]
[    0.000000] PM: Registered nosave memory: [mem 0x000a0000-0x000effff]
[    0.000000] PM: Risered nosaveemy:[mem 000000-0x000fffff]
[    0.000000] e820: [mem 0x40000000-0xfebfffff] available for PCI devices
[    0.000000] Booting paravirtualized kernel on KVM
[    0.000000] clocksource: refined-jiffies: mask: 0xffffffff max_cycles: 0xffffffff, max_idle_s:64519600118 s
[   0.000000] setup_percpu: NR_PU512 nr_umk_bits:512 nrpu_ids:2 nr_node_ids:1
[    0.000000] PERCPU: Embedded 34 pages/cpu @ffff88003fc00000 s99544 r8192 d31528 u1048576
[    0.000000] PV qspinlock hash table entries: 256 (order: 0, 4096 bytes)
[    0.000000] Built 1 zonelists in Node order, mobility grouping on.  Total pages: 257912
[    0.000000] Policy zone: DMA32
[    0.000000] Kernel command line: BOOT_IMAGE=/boot/vmlinuz-4.4.0-128-geric rooLAL=loudimgoos ro console=tty1 cosol=tS0
[  00000] PID hash table entries: 4096 (order: 3, 32768 bytes)
[    0.000000] Memory: 1001616K/1048120K available (8541K kernel code, 1313K rwdata, 4000K rodata, 1512K init, 1316K bss, 46504K reserved, 0K cma-reserv)[    0.000000] SLUB: HWalign=64, Order=0-3, MinObjects=0, CPUs=2, Nodes=1
[    0.000000] Kernel/User page tables isolation: enabled
[    0.000000] Hierarchical RCU implementation.
[    0.000000] 	Build-tie jutment of leaf fanout to 64.
[    0.000000] 	RCU restricting CPUs from NR_CPUS=512 to nr_cpu_ids=2.
[    0.000000] RCU: Adjusting geometry for rcu_fanout_leaf=64, nr_cpu_ids=2
[    0.000000] NR_IRQS:33024 nr_irqs:440 16
[    0.000000] Console: colour VGA+ 80x25
[    0.000000] console [tty1] enabled
[    0.000000] consol [ttyS0enbled
[    0.000000] tsc: Detected 2303.998 MHz processor
[    3.382027] Calibrating delay loop (skipped) preset value.. 4607.99 BogoMIPS (lpj=9215992)
[    3.383862] pidmax: default:32768 minimum: 301
[    3.420613] ACPI: Core revision 20150930
[    3.457969] ACPI: 2 ACPI AML tables successfully acquired and loaded
[    3.475276] Security Framework initialized
[    3.509826] Yama: becoming mindful.
[    3.532676] AppArmor: AppArmor initialized
[    3.568090] Dentry cache hash table entries: 131072 (order: 8, 1048576 bytes)
[    3.585688] Inode-cache hash table entries: 65536 (order: 7, 524288 bytes)
[    3.599609] Mount-cache hash table entries: 2048 (order: 2, 16384 bytes)
[    3.600737] Mountpoint-cache hash table entries: 2048 (order: 2, 16384 bytes)
[    3.602056] Initializing cgroup subsys io
[    3.602826] Initializing cgroup subsys memory
[    3.611629] Initializing cgroup subsys devices
[    3.646251] Initializing cgroup subsys freezer
[    3.652687] Initializing cgroup subsys net_cls
[    3.694892] Initializing cgroup subsys perf_event
[    3.731726] Initializing cgroup subsys net_prio
[    3.767558] Initializing cgroup subsys hugetlb
[    3.785282] Initializing cgroup subsys pids
[    3.826354] CPU: Physical Processor ID: 0
[    3.877295] CPU: Processor Core ID: 0
[    3.896808] mce: CPU supports 0 MCE banks
[    3.934366] Last level iTLB entries: 4KB 64, 2MB 8, 4MB 8
[    3.958694] Last level dTLB entries: 4KB 64, 2MB 0, 4MB 0, 1GB 4
[    3.971405] Spectre V2 : Mitigation: Full generic retpoline
[    4.026605] Spectre V2 : Speculation control IBPB not-supported IBRS not-supported
[    4.092099] Spectre V2 : Filling RSB on context switch
[    4.118843] Speculative Store Bypass: Vulnerable
[    4.121369] Freeing SMP alternatives memory: 32K
[    4.153134] ftrace: allocating 32236 entries in 126 pages
[    4.243741] smpboot: APIC(0) Converting physical 0 to logical package 0
[    4.277135] smpboot: Max logical packages: 1
[    4.307763] x2apic enabled
[    4.338079] Switched APIC routing to physical x2apic.
[    4.367610] ..TIMER: vector=0x30 apic1=0 pin1=2 apic2=-1 pin2=-1
[    4.473483] smpboot: CPU0: Intel(R) Core(TM) i5-7360U CPU @ 2.30GHz (family: 0x6, model: 0x8e, stepping: 0x9)
[    4.492913] Performance Events: unsupported p6 CPU model 142 no PMU driver, software events only.
[    4.506782] KVM setup paravirtual spinlock
[    4.511176] x86: Booting SMP configuration:
[    4.544995] .... node  #0, CPUs:      #1
[    4.599158] kvm-clock: cpu 1, msr 0:3ffe3041, secondary cpu clock
[    4.601572] mce: CPU supports 0 MCE banks
[    4.611673] x86: Booted up 1 node, 2 CPUs
[    4.612619] smpboot: Total of 2 processors activated (9215.99 BogoMIPS)
[    4.614167] devtmpfs: initialized
[    4.625962] evm: security.selinux
[    4.626642] evm: security.SMACK64
[    4.634144] evm: security.SMACK64EXEC
[    4.642177] evm: security.SMACK64TRANSMUTE
[    4.653866] evm: security.SMACK64MMAP
[    4.678361] evm: security.ima
[    4.687078] evm: security.capability
[    4.712233] clocksource: jiffies: mask: 0xffffffff max_cycles: 0xffffffff, max_idle_ns: 7645041785100000 ns
[    4.715119] futex hash table entries: 512 (order: 3, 32768 bytes)
[    4.721879] pinctrl core: initialized pinctrl subsystem
[    4.766884] RTC time:  7:06:02, date: 07/04/18
[    4.767901] NET: Registered protocol family 16
[    4.782001] cpuidle: using governor ladder
[    4.805855] cpuidle: using governor menu
[    4.846751] PCCT header not found.
[    4.848707] ACPI: bus type PCI registered
[    4.849472] acpiphp: ACPI Hot Plug PCI Controller Driver version: 0.5
[    4.850661] PCI: Using configuration type 1 for base access
[    4.914561] ACPI: Added _OSI(Module Device)
[    4.974835] ACPI: Added _OSI(Processor Device)
[    4.975860] ACPI: Added _OSI(3.0 _SCP Extensions)
[    4.976735] ACPI: Added _OSI(Processor Aggregator Device)
[    4.978247] ACPI: Executed 1 blocks of module-level executable AML code
[    5.025064] ACPI: Interpreter enabled
[    5.025800] ACPI: (supports S0 S5)
[    5.043083] ACPI: Using IOAPIC for interrupt routing
[    5.044184] PCI: Using host bridge windows from ACPI; if necessary, use "pci=nocrs" and report a bug
[    5.135289] ACPI: PCI Root Bridge [PCI0] (domain 0000 [bus 00-ff])
[    5.202969] acpi PNP0A03:00: _OSC: OS supports [ASPM ClockPM Segments MSI]
[    5.230523] acpi PNP0A03:00: _OSC: not requesting OS control; OS requires [ExtendedConfig ASPM ClockPM MSI]
[    5.281834] acpi PNP0A03:00: fail to add MMCONFIG information, can't access extended PCI configuration space under this bridge.
[    5.332289] PCI host bridge to bus 0000:00
[    5.333064] pci_bus 0000:00: root bus resource [io  0x0000-0x0cf7 window]
[    5.350916] pci_bus 0000:00: root bus resource [io  0x0d00-0xffff window]
[    5.368421] pci_bus 0000:00: root bus resource [mem 0x000a0000-0x000bffff window]
[    5.408068] pci_bus 0000:00: root bus resource [mem 0x40000000-0xfdffffff window]
[    5.457576] pci_bus 0000:00: root bus resource [bus 00-ff]
[    5.502237] pci 0000:00:01.1: legacy IDE quirk: reg 0x10: [io  0x01f0-0x01f7]
[    5.522378] pci 0000:00:01.1: legacy IDE quirk: reg 0x14: [io  0x03f6]
[    5.531788] pci 0000:00:01.1: legacy IDE quirk: reg 0x18: [io  0x0170-0x0177]
[    5.538648] pci 0000:00:01.1: legacy IDE quirk: reg 0x1c: [io  0x0376]
[    5.568107] pci 0000:00:07.0: quirk: [io  0x4000-0x403f] claimed by PIIX4 ACPI
[    5.572340] pci 0000:00:07.0: quirk: [io  0x4100-0x410f] claimed by PIIX4 SMB
[    5.586797] ACPI: PCI Interrupt Link [LNKA] (IRQs 5 9 10 *11)
[    5.592976] ACPI: PCI Interrupt Link [LNKB] (IRQs 5 9 *10 11)
[    5.631286] ACPI: PCI Interrupt Link [LNKC] (IRQs 5 *9 10 11)
[    5.638313] ACPI: PCI Interrupt Link [LNKD] (IRQs 5 9 10 *11)
[    5.639750] ACPI: Enabled 2 GPEs in block 00 to 07
[    5.641023] vgaarb: setting as boot device: PCI:0000:00:02.0
[    5.658482] vgaarb: device added: PCI:0000:00:02.0,decodes=io+mem,owns=io+mem,locks=none
[    5.659980] vgaarb: loaded
[    5.666187] vgaarb: bridge control possible 0000:00:02.0
[    5.684070] SCSI subsystem initialized
[    5.690675] ACPI: bus type USB registered
[    5.698417] usbcore: registered new interface driver usbfs
[    5.733183] usbcore: registered new interface driver hub
[    5.761413] usbcore: registered new device driver usb
[    5.788023] PCI: Using ACPI for IRQ routing
[    5.827975] NetLabel: Initializing
[    5.853791] NetLabel:  domain hash size = 128
[    5.883688] NetLabel:  protocols = UNLABELED CIPSOv4
[    5.912418] NetLabel:  unlabeled traffic allowed by default
[    5.946021] amd_nb: Cannot enumerate AMD northbridges
[    5.977759] clocksource: Switched to clocksource kvm-clock
[    6.0337 AArr:ppmoFisyemnaed[  635707] pnp: PnAC it[    6.809669] pnp: PnP ACPI: found 3 devices
[    6.849704] clocksource: acpi_pm: mask: 0xffffff max_cycles: 0xffffff, max_idle_ns: 2085701024 ns
[    6.858873] NET: Registered protocol family 2
[    6.859795] TCP established hash table entries: 8192 (order: 4, 65536 bytes)
[    6.860982] TCP bind hash table entries: 8192 (order: 5, 131072 bytes)
[    6.862092] TCP: Hash tables configured (established 8192 bind 8192)
[    6.863199] UDP hash table entries: 512 (order: 2, 16384 bytes)
[    6.864217] UDP-Lite hash table entries: 512 (order: 2, 16384 bytes)
[    6.901570] NET: Registered protocol family 1
[    6.902412] pci 0000:00:00.0: Limiting direct PCI/PCI transfers
[    6.903448] pci 0000:00:01.0: Activating ISA DMA hang workarounds
[    6.904608] Unpacking initramfs...
[    8.320770] Freeing initrd memory: 10904K
[    8.397040] platform rtc_cmos: registered platform RTC device (no PNP device found)
[    8.438068] Scanning for low memory corruption every 60 seconds
[    8.439510] audit: initializing netlink subsys (disabled)
[    8.517518] audit: type=2000 audit(1530687965.841:1): initialized
[    8.573218] Initialise system trusted keyring
[    8.717731] HugeTLB registered 2 MB page size, pre-allocated 0 pages
[    8.781631] zbud: loaded
[    8.784339] VFS: Disk quotas dquot_6.6.0
[    8.786641] VFS: Dquot-cache hash table entries: 512 (order 0, 4096 bytes)
[    8.792127] squashfs: version 4.0 (2009/01/31) Phillip Lougher
[    8.806073] fuse init (API version 7.23)
[    8.808465] Key type big_key registered
[    8.812923] Allocating IMA MOK and blacklist keyrings.
[    8.819010] Key type asymmetric registered
[    8.821300] Asymmetric key parser 'x509' registered
[    8.854357] Block layer SCSI generic (bsg) driver version 0.4 loaded (major 249)
[    8.936331] io scheduler noop registered
[    9.015451] io scheduler deadline registered (default)
[    9.083825] io scheduler cfq registered
[    9.127665] pci_hotplug: PCI Hot Plug PCI Core version: 0.5
[    9.168208] pciehp: PCI Express Hot Plug Controller Driver version: 0.4
[    9.169592] ACPI: AC Adapter [AC] (on-line)
[    9.216113] input: Power Button as /devices/LNXSYSTM:00/LNXPWRBN:00/input/input0
[    9.307553] ACPI: Power Button [PWRF]
[    9.395504] tsc: Refined TSC clocksource calibration: 2304.000 MHz
[    9.437134] clocksource: tsc: mask: 0xffffffffffffffff max_cycles: 0x2135f7c97c8, max_idle_ns: 440795273205 ns
[    9.437225] input: Sleep Button as /devices/LNXSYSTM:00/LNXSLPBN:00/input/input1
[    9.437229] ACPI: Sleep Button [SLPF]
[    9.437395] GHES: HEST is not enabled!
[    9.508137] Serial: 8250/16550 driver, 32 ports, IRQ sharing enabled
[    9.658889] 00:02: ttyS0 at I/O 0x3f8 (irq = 4, base_baud = 115200) is a 16550A
[    9.660212] Linux agpgart interface v0.103
[    9.662198] loop: module loaded
[    9.662624] scsi host0: ata_piix
[    9.662667] scsi host1: ata_piix
[    9.662689] ata1: PATA max UDMA/33 cmd 0x1f0 ctl 0x3f6 bmdma 0xd000 irq 14
[    9.662690] ata2: PATA max UDMA/33 cmd 0x170 ctl 0x376 bmdma 0xd008 irq 15
[    9.662741] libphy: Fixed MDIO Bus: probed
[    9.662743] tun: Universal TUN/TAP device driver, 1.6
[    9.662743] tun: (C) 1999-2004 Max Krasnyansky <maxk@qualcomm.com>
[    9.662988] PPP generic driver version 2.4.2
[    9.663041] ehci_hcd: USB 2.0 'Enhanced' Host Controller (EHCI) Driver
[    9.663044] ehci-pci: EHCI PCI platform driver
[    9.663061] ehci-platform: EHCI generic platform driver
[    9.663068] ohci_hcd: USB 1.1 'Open' Host Controller (OHCI) Driver
[    9.663071] ohci-pci: OHCI PCI platform driver
[    9.663079] ohci-platform: OHCI generic platform driver
[    9.663086] uhci_hcd: USB Universal Host Controller Interface driver
[    9.663141] i8042: PNP: PS/2 Controller [PNP0303:PS2K,PNP0f03:PS2M] at 0x60,0x64 irq 1,12
[    9.663563] serio: i8042 KBD port at 0x60,0x64 irq 1
[    9.663566] serio: i8042 AUX port at 0x60,0x64 irq 12
[    9.663641] mousedev: PS/2 mouse device common for all mice
[    9.663993] input: AT Translated Set 2 keyboard as /devices/platform/i8042/serio0/input/input2
[    9.664305] rtc_cmos rtc_cmos: rtc core: registered rtc_cmos as rtc0
[    9.664439] rtc_cmos rtc_cmos: alarms up to one day, 114 bytes nvram
[    9.664447] i2c /dev entries driver
[    9.664494] device-mapper: uevent: version 1.0.3
[    9.664543] device-mapper: ioctl: 4.34.0-ioctl (2015-10-28) initialised: dm-devel@redhat.com
[    9.664558] ledtrig-cpu: registered to indicate activity on CPUs
[    9.665025] NET: Registered protocol family 10
[    9.665136] NET: Registered protocol family 17
[    9.665145] Key type dns_resolver registered
[    9.665311] registered taskstats version 1
[    9.665328] Loading compiled-in X.509 certificates
[    9.665871] Loaded X.509 cert 'Build time autogenerated kernel key: fc7b57a7df019f2655f66a8a374d74ee8f4999fc'
[    9.665887] zswap: loaded using pool lzo/zbud
[    9.667090] Key type trusted registered
[    9.669209] Key type encrypted registered
[    9.669215] AppArmor: AppArmor sha1 policy hashing enabled
[    9.669218] ima: No TPM chip found, activating TPM-bypass!
[    9.669234] evm: HMAC attrs: 0x1
[    9.669547]   Magic number: 10:111:116
[    9.669889] rtc_cmos rtc_cmos: setting system clock to 2018-07-04 07:06:07 UTC (1530687967)
[    9.669961] BIOS EDD facility v0.16 2004-Jun-25, 0 devices found
[    9.669961] EDD information not available.
[   10.958058] Freeing unused kernel memory: 1512K
[   10.976769] Write protecting the kernel read-only data: 14336k
[   11.888925] Freeing unused kernel memory: 1688K
[   12.290302] Freeing unused kernel memory: 96K
Loading, please wait...
[   12.336466] random: systemd-udevd: uninitialized urandom read (16 bytes read, 9 bits of entropy available)
starting version 229
[   12.336913] random: udevadm: uninitialized urandom read (16 bytes read, 9 bits of entropy available)
[   12.336927] random: udevadm: uninitialized urandom read (16 bytes read, 9 bits of entropy available)
[   12.342898] random: systemd-udevd: uninitialized urandom read (16 bytes read, 9 bits of entropy available)
[   12.344268] random: udevadm: uninitialized urandom read (16 bytes read, 9 bits of entropy available)
[   12.344301] random: udevadm: uninitialized urandom read (16 bytes read, 9 bits of entropy available)
[   12.344399] random: udevadm: uninitialized urandom read (16 bytes read, 9 bits of entropy available)
[   12.344437] random: udevadm: uninitialized urandom read (16 bytes read, 9 bits of entropy available)
[   12.344473] random: udevadm: uninitialized urandom read (16 bytes read, 9 bits of entropy available)
[   12.344507] random: udevadm: uninitialized urandom read (16 bytes read, 9 bits of entropy available)
[   12.384423] Fusion MPT base driver 3.04.20
[   12.385252] Copyright (c) 1999-2008 LSI Corporation
[   12.392303] e1000: Intel(R) PRO/1000 Network Driver - version 7.3.21-k8-NAPI
[   12.393541] e1000: Copyright (c) 1999-2006 Intel Corporation.
[   12.404939] AVX2 version of gcm_enc/dec engaged.
[   12.405852] AES CTR mode by8 optimization enabled
[   12.407088] Fusion MPT SPI Host driver 3.04.20
[   12.595478] input: ImExPS/2 Generic Explorer Mouse as /devices/platform/i8042/serio1/input/input4
[   12.813394] e1000 0000:00:03.0 eth0: (PCI:33MHz:32-bit) 02:40:c1:fa:9b:f5
[   12.967429] e1000 0000:00:03.0 eth0: Intel(R) PRO/1000 Network Connection
[   13.422643] e1000 0000:00:08.0 eth1: (PCI:33MHz:32-bit) 08:00:27:1b:69:42
[   13.468823] e1000 0000:00:08.0 eth1: Intel(R) PRO/1000 Network Connection
[   13.471143] e1000 0000:00:03.0 enp0s3: renamed from eth0
[   13.522014] mptbase: ioc0: Initiating bringup
[   13.578290] e1000 0000:00:08.0 enp0s8: renamed from eth1
[   13.656868] ioc0: LSI53C1030 A0: Capabilities={Initiator}
[   14.944611] scsi host2: ioc0: LSI53C1030 A0, FwRev=00000000h, Ports=1, MaxQ=256, IRQ=20
[   15.978311] scsi 2:0:0:0: Direct-Access     VBOX     HARDDISK         1.0  PQ: 0 ANSI: 5
[   16.024490] scsi target2:0:0: Beginning Domain Validation
[   16.026666] scsi target2:0:0: Domain Validation skipping write tests
[   16.420499] scsi target2:0:0: Ending Domain Validation
[   16.427287] scsi target2:0:0: asynchronous
[   16.435475] scsi 2:0:1:0: Direct-Access     VBOX     HARDDISK         1.0  PQ: 0 ANSI: 5
[   16.461498] scsi target2:0:1: Beginning Domain Validation
[   16.492430] scsi target2:0:1: Domain Validation skipping write tests
[   16.499400] scsi target2:0:1: Ending Domain Validation
[   17.297642] scsi target2:0:1: asynchronous
[   17.437524] sd 2:0:0:0: Attached scsi generic sg0 type 0
[   17.480459] sd 2:0:0:0: [sda] 20971520 512-byte logical blocks: (10.7 GB/10.0 GiB)
[   17.546826] sd 2:0:0:0: [sda] Write Protect is off
[   17.566001] sd 2:0:0:0: [sda] Incomplete mode parameter data
[   17.566063] sd 2:0:1:0: Attached scsi generic sg1 type 0
[   17.626985] sd 2:0:1:0: [sdb] 20480 512-byte logical blocks: (10.5 MB/10.0 MiB)
[   17.626986] sd 2:0:0:0: [sda] Assuming drive cache: write through
[   17.745661] sd 2:0:1:0: [sdb] Write Protect is off
[   17.746171]  sda: sda1
[   17.786629] sd 2:0:0:0: [sda] Attached SCSI disk
[   17.878580] sd 2:0:1:0: [sdb] Incomplete mode parameter data
[   18.015486] sd 2:0:1:0: [sdb] Assuming drive cache: write through
[   18.029968] sd 2:0:1:0: [sdb] Attached SCSI disk
Begin: Loading e[   19.387975] md: linear personality registered for level -1
ssential drivers[   19.399919] md: multipath personality registered for level -4
 ... [   19.460923] md: raid0 personality registered for level 0
[   19.498843] md: raid1 personality registered for level 1
[   19.569858] raid6: sse2x1   gen()  9912 MB/s
[   19.649862] raid6: sse2x1   xor()  8651 MB/s
[   19.750114] raid6: sse2x2   gen() 15043 MB/s
[   19.825972] raid6: sse2x2   xor() 10491 MB/s
[   19.917843] raid6: sse2x4   gen() 17123 MB/s
[   20.005836] raid6: sse2x4   xor() 11522 MB/s
[   20.101926] raid6: avx2x1   gen() 24522 MB/s
[   20.178006] raid6: avx2x2   gen() 28454 MB/s
[   20.277864] raid6: avx2x4   gen() 30936 MB/s
[   20.283049] raid6: using algorithm avx2x4 gen() 30936 MB/s
[   20.295223] raid6: using avx2x2 recovery algorithm
[   20.297315] xor: automatically using best checksumming function:
[   20.337787]    avx       : 33573.000 MB/sec
[   20.378357] async_tx: api initialized (async)
[   20.384390] md: raid6 personality registered for level 6
[   20.385471] md: raid5 personality registered for level 5
[   20.386376] md: raid4 personality registered for level 4
[   20.432846] md: raid10 personality registered for level 10
done.
Begin: Running /scripts/init-premount ... done.
Begin: Mounting root file system ... Begin: Running /scripts/local-top ... done.
Begin: Running /scripts/local-premount ... [   20.488606] Btrfs loaded
Scanning for Btr[   20.507139] EXT4-fs (sda1): mounted filesystem with ordered data mode. Opts: (null)
fs filesystems
done.
Warning: fsck not present, so skipping root file system
done.
Begin: Running /scripts/local-bottom ... done.
Begin: Running /scripts/init-bottom ... done.
[   20.667824] systemd[1]: systemd 229 running in system mode. (+PAM +AUDIT +SELINUX +IMA +APPARMOR +SMACK +SYSVINIT +UTMP +LIBCRYPTSETUP +GCRYPT +GNUTLS +ACL +XZ -LZ4 +SECCOMP +BLKID +ELFUTILS +KMOD -IDN)
[   20.707285] systemd[1]: Detected virtualization oracle.
[   20.708233] systemd[1]: Detected architecture x86-64.

Welcome to [1mUbuntu 16.04.4 LTS[0m!

[ 20.7826] systemd[1]: Sehostnameto <ubuntu>.

[   20.981790] systemd[1]: Initializing machine ID from random generator.
[   21.022223] systemd[1]: Installed transient /etc/machine-id file.
[   21.120421] systemd[1]: Started Forward Password Requests to Wall Directory Watch.
[[0;32m  OK  [0m] [   21.122215] random: nonblocking pool is initialized
Started Forward Password Requests to Wall Directory Watch.
[   21.123585] systemd[1]: Reached target Encrypted Volumes.
[[0;32m  OK  [0m] Reached target Encrypted Volumes.
[   21.125425] systemd[1]: Reached target Swap.
[[0;32m  OK  [0m] Reached target Swap.
[   21.127058] systemd[1]: Reached target User and Group Name Lookups.
[[0;32m  OK  [0m] Reached target User and Group Name Lookups.
[   21.129180] systemd[1]: Created slice User and Session Slice.
[[0;32m  OK  [0m] Created slice User and Session Slice.
[   21.131041] systemd[1]: Listening on udev Kernel Socket.
[[0;32m  OK  [0m] Listening on udev Kernel Socket.
[   21.132792] systemd[1]: Listening on udev Control Socket.
[[0;32m  OK  [0m] Listening on udev Control Socket.
[   21.134747] systemd[1]: Listening on /dev/initctl Compatibility Named Pipe.
[[0;32m  OK  [0m] Listening on /dev/initctl Compatibility Named Pipe.
[   21.176077] systemd[1]: Reached target System Time Synchronized.
[[0;32m  OK  [0m] Reached target System Time Synchronized.
[  21.251134] syemd[1]: Set up autounArtry ecab Fe Formats File System Aumount Poin.
[[0;32m  OK  [0m] Set up automount Arbitrary Executab...ats File System Automount Point.
[   288352] syem1]Lieng  Jrnl Audit Socke.
[[0;32m  OK  [0m] Listening on Journal Audit Socket.
[ 22394479] ste[1 Ltengn urnal Socket.

[[0;32m  OK  [0m] Listening on Journal Socket.
[   22.777401] systemd[1]: Listening on Syslog Socket.
[[0;32m  OK  [0m] Listening on Syslog Socket.
[   22.779565] systemd[1]: Listening on LVM2 metadata daemon socket.
[[0;32m  OK  [0m] Listening on LVM2 metadata daemon socket.
[   22.790113] systemd[1]: Listening on Journal Socket (/dev/log).
[[0;32m  OK  [0m] Listening on Journal Socket (/dev/log).
[   22.819451] systemd[1]: Started Trigger resolvconf update for networkd DNS.
[[0;32m  OK  [0m] Started Trigger resolvconf update for networkd DNS.
[   22.832741] systemd[1]: Listening on Device-mapper event daemon FIFOs.
[[0;32m  OK  [0m] Listening on Device-mapper event daemon FIFOs.
[   22.835334] systemd[1]: Created slice System Slice.
[[0;32m  OK  [0m] Created slice System Slice.
[   22.922478] systemd[1]: Starting Remount Root and Kernel File Systems...
         Starting Remount[   22.979325] EXT4-fs (sda1): re-mounted. Opts: (null)
 Root and Kernel File Systems...
[   23.032013] systemd[1]: Starting Uncomplicated firewall...
         Starting Uncomplicated firewall...
[   23.094204] systemd[1]: Reached target Slices.
[[0;32m  OK  [0m] Reached target Slices.
[   23.194337] systemd[1]: Mounting Debug File System...
         Mounting Debug File System...
[   23.270564] systemd[1]: Mounting POSIX Message Queue File System...
         Mounting POSIX Message Queue File System...
[   23.362278] systemd[1]: Starting Journal Service...
         Starting Journal Service...
[   23.448666] systemd[1]: Starting Nameserver information manager...
         Starting Nameserver information manager...
[   23.506651] systemd[1]: Starting Set console keymap...
         Starting Set console keymap...
[   23.578304] systemd[1]: Starting Load Kernel Modules...
[   23.587873] Loading iSCSI transport class v2.0-870.
         Starting Load Kernel Modules...
[   23.590005] systemd[1]: Starting Monitoring of LVM2 mirrors, snapshots etc. using dmeventd or progress polling...
         Starting Monitoring of [   23.599411] iscsi: registered transport (tcp)
LVM2 mirrors... [   23.661001] iscsi: registered transport (iser)
dmeventd or progress polling...
[   23.702472] systemd[1]: Mounting Huge Pages File System...
         Mounting Huge Pages File System...
[   23.704785] systemd[1]: Created slice system-serial\x2dgetty.slice.
[[0;32m  OK  [0m] Created slice system-serial\x2dgetty.slice.
[   23.810712] systemd[1]: Starting Create list of required static device nodes for the current kernel...
         Starting Create list of required st... nodes for the current kernel...
[   23.892767] systemd[1]: Listening on LVM2 poll daemon socket.
[[0;32m  OK  [0m] Listening on LVM2 poll daemon socket.
[   23.923026] systemd[1]: Mounted Debug File System.
[[0;32m  OK  [0m] Mounted Debug File System.
[   24.018391] systemd[1]: Mounted POSIX Message Queue File System.
[[0;32m  OK  [0m] Mounted POSIX Message Queue File System.
[   24.119151] systemd[1]: Mounted Huge Pages File System.
[[0;32m  OK  [0m] Mounted Huge Pages File System.
[   24.242837] systemd[1]: Started Journal Service.
[[0;32m  OK  [0m] Started Journal Service.
[[0;32m  OK  [0m] Started Remount Root and Kernel File Systems.
[[0;32m  OK  [0m] Started Uncomplicated firewall.
[[0;32m  OK  [0m] Started Set console keymap.
[[0;32m  OK  [0m] Started Load Kernel Modules.
[[0;32m  OK  [0m] Started Create list of required sta...ce nodes for the current kernel.
[[0;32m  OK  [0m] Started Nameserver information manager.
[[0;32m  OK  [0m] Started LVM2 metadata daemon.
         Starting Create Static Device Nodes in /dev...
         Starting Apply Kernel Variables...
         Mounting FUSE Control File System...
         Starting udev Coldplug all Devices...
         Starting Load/Save Random Seed...
         Starting Flush Journal to Persistent Storage...
[[0;32m  OK  [0m] Mounted FUSE Control File System.
[[0;32m  OK  [0m] Started Create Static Device Nodes in /dev.
[[0;32m  OK  [0m] Started Apply Kernel Variables.
[[0;32m  OK  [0m] Started Load/Save Random Seed.
[[0;32m  OK  [0m] Started Flush Journal to Persistent Storage.
[[0;32m  OK  [0m] Started udev Coldplug all Devices.
         Starting udev Kernel Device Manager...
[[0;32m  OK  [0m] Started udev Kernel Device Manager.
[[0;32m  OK  [0m] Started Dispatch Password Requests to Console Directory Watch.
[[0;32m  OK  [0m] Found device /dev/ttyS0.
[[0;32m  OK  [0m] Started Monitoring of LVM2 mirrors,...ng dmeventd or progress polling.
[[0;32m  OK  [0m] Reached target Local File Systems (Pre).
[[0;32m  OK  [0m] Reached target Local File Systems.
         Starting Create Volatile Files and Directories...
         Starting Initial cloud-init job (pre-networking)...
         Starting Commit a transient machine-id on disk...
         Starting Tell Plymouth To Write Out Runtime Data...
         Starting LSB: AppArmor initialization...
         Starting Set console font and keymap...
[[0;32m  OK  [0m] Started Create Volatile Files and Directories.
[[0;32m  OK  [0m] Started Commit a transient machine-id on disk.
[[0;32m  OK  [0m] Started Tell Plymouth To Write Out Runtime Data.
[[0;32m  OK  [0m] Listening on Load/Save RF Kill Switch Status /dev/rfkill Watch.
         Starting Update UTMP about System Boot/Shutdown...
[[0;32m  OK  [0m] Started Update UTMP about System Boot/Shutdown.
[[0;32m  OK  [0m] Started Set console font and keymap.
[[0;32m  OK  [0m] Created slice system-getty.slice.
[   20.666629] cloud-init[633]: Cloud-init v. 18.2 running 'init-local' at Wed, 04 Jul 2018 07:06:23 +0000. Up 20.30 seconds.
[[0;32m  OK  [0m] Started Initial cloud-init job (pre-networking).
[[0;32m  OK  [0m] Reached target Network (Pre).
[[0;32m  OK  [0m] Started LSB: AppArmor initialization.
         Starting Raise network interfaces...
[[0;32m  OK  [0m] Started Raise network interfaces.
         Starting Initial cloud-init job (metadata service crawler)...
[[0;32m  OK  [0m] Reached target Network.
[   21.646265] cloud-init[969]: Cloud-init v. 18.2 running 'init' at Wed, 04 Jul 2018 07:06:24 +0000. Up 21.21 seconds.
[   21.650001] cloud-init[969]: ci-info: ++++++++++++++++++++++++++++++++++++++Net device info++++++++++++++++++++++++++++++++++++++
[   21.652857] cloud-init[969]: ci-info: +--------+-------+----------------------------+---------------+-------+-------------------+
[   21.655147] cloud-init[969]: ci-info: | Device |   Up  |          Address           |      Mask     | Scope |     Hw-Address    |
[   21.658288] cloud-init[969]: ci-info: +--------+-------+----------------------------+---------------+-------+-------------------+
[   21.660769] cloud-init[969]: ci-info: | enp0s3 |  True |         10.0.2.15          | 255.255.255.0 |   .   | 02:40:c1:fa:9b:f5 |
[   21.696377] cloud-init[969]: ci-info: | enp0s3 |  True | fe80::40:c1ff:fefa:9bf5/64 |       .       |  link | 02:40:c1:fa:9b:f5 |
[[0;32m  OK  [0m] Started Initial cloud-init job (metadata service crawler).
[   21.696748] cloud-init[969]: ci-info: | enp0s8 | False |             .              |       .       |   .   | 08:00:27:1b:69:42 |
[   21.696906] cloud-init[969]: ci-info: |   lo   |  True |         127.0.0.1          |   255.0.0.0   |   .   |         .         |
[   22.021228] cloud-init[969]: ci-info: |   lo   |  True |          ::1/128           |       .       |  host |         .         |
[   22.021575] cloud-init[969]: ci-info: +--------+-------+----------------------------+---------------+-------+-------------------+
[[0;32m  OK  [0m] Reached target Cloud-config availability.
[   22.021899] cloud-init[969]: ci-info: +++++++++++++++++++++++++++Route IPv4 info++++++++++++++++++++++++++++
[   22.200458] cloud-init[969]: ci-info: +-------+-------------+----------+---------------+-----------+-------+
[[0;32m  OK  [0m] Reached target System Initialization.
[   22.200690] cloud-init[969]: ci-info: | Route | Destination | Gateway  |    Genmask    | Interface | Flags |
[   22.219113] cloud-init[969]: ci-info: +-------+-------------+----------+---------------+-----------+-------+
[[0;32m  OK  [0m] Listening on ACPID Listen Socket.
[[   22.219243] cloud-init[969]: ci-info: |   0   |   0.0.0.0   | 10.0.2.2 |    0.0.0.0    |   enp0s3  |   UG  |
[   22.272480] cloud-init[969]: ci-info: |   1   |   10.0.2.0  | 0.0.0.0  | 255.255.255.0 |   enp0s3  |   U   |
[   22.272591] cloud-init[969]: ci-info: +-------+-------------+----------+---------------+-----------+-------+
[   22.272736] cloud-init[969]: Generating public/private rsa key pair.
[   22.272886] cloud-init[969]: Your identification has been saved in /etc/ssh/ssh_host_rsa_key.
[0;32m  OK  [0m] Listening on UUID daemon activation socket.
[   22.273079] cloud-init[969]: Your public key has been saved in /etc/ssh/ssh_host_rsa_key.pub.
[   22.408866] cloud-init[969]: The key fingerprint is:
[   22.409120] cloud-init[969]: SHA256:aLawsHiIQHX0MbtD2ui1J471b6MHOLNq7UyQGcpbaVQ root@ubuntu-xenial
[   22.409282] cloud-init[969]: The key's randomart image is:
[   22.409398] cloud-init[969]: +---[RSA 2048]----+
[   22.409506] cloud-init[969]: |   ..o E         |
[   22.409614] cloud-init[969]: |  . . o +        |
[   22.409724] cloud-init[969]: | .   o +         |
[   22.409856] cloud-init[969]: |. . o X..        |
[   22.409945] cloud-init[969]: |. .o.X+=S        |
[   22.410051] cloud-init[969]: |oo o==o=o.       |
[   22.410162] cloud-init[969]: |+ o...o=+..      |
[   22.410270] cloud-init[969]: | .   .*o+  +     |
[   22.410386] cloud-init[969]: |    .oo+ o=..    |
[   22.410490] cloud-init[969]: +----[SHA256]-----+
[   22.410598] cloud-init[969]: Generating public/private dsa key pair.
[   22.410814] cloud-init[969]: Your identification has been saved in /etc/ssh/ssh_host_dsa_key.
[   22.410979] cloud-init[969]: Your public key has been saved in /etc/ssh/ssh_host_dsa_key.pub.
[   22.412368] cloud-init[969]: The key fingerprint is:
[   22.412665] cloud-init[969]: SHA256:Mmt/2APpqhb0XdoGwE9YqS3nZuLj7XZ12vo4qT/PHQ0 root@ubuntu-xenial
[   22.412813] cloud-init[969]: The key's randomart image is:
[   22.412971] cloud-init[969]: +---[DSA 1024]----+
[   22.413115] cloud-init[969]: |     . o..       |
[   22.413266] cloud-init[969]: |      + o        |
[   22.413418] cloud-init[969]: |       *         |
[   22.413607] cloud-init[969]: |    . o = .      |
[[0;32m  OK  [0m[   22.413806] ] cloud-initStarted ACPI Events Check.[969]: 
|   . .o=S*    E  |
[   22.413855] cloud-init[969]: |    . o+O o . ...|
[   22.576473] cloud-init[969]: |     oo= = . = ..|
[[0;32m  OK  [0m] Reached target Paths.
[   22.576597] cloud-init[969]: |    ..oo+ = =o...|
[   22.581979] cloud-init[969]: |   ..oo=+o.++*+ .|
[   22.582146] cloud-init[969]: +----[SHA256]-----+
[   22.582292] cloud-init[969]: Generating public/private ecdsa key pair.
[   22.582449] cloud-init[969]: Your identification has been saved in /etc/ssh/ssh_host_ecdsa_key.
[   22.582606] cloud-init[969]: Your public key has been saved in /etc/ssh/ssh_host_ecdsa_key.pub.
[   22.582761] cloud-init[969]: The key fingerprint is:
[[0;32m  OK  [0m] Started Daily apt download activities.
[   22.582964] cloud-init[969]: SHA256:2m6eME6Kqk5u38XcA5q6IGK8ddECa+LKrJOg2utIYnk root@ubuntu-xenial
[   22.672439] cloud-init[969]: The key's randomart image is:
[   22.672660] cloud-init[969]: +---[ECDSA 256]---+
         Starting LXD - unix socket.
[   22.672917] cloud-init[969]: |                 |
[   22.725176] cloud-init[969]: |                 |
[[0;32m  OK  [0m] Listening on D-Bus System Message Bus Socket.
[[   22.725292] cloud-init[969]: |   .             |
[   22.752865] cloud-init[969]: |    o .          |
[0;32m  OK  [0m] Started Daily apt upgrade and clean activities.
[[   22.752965] cloud-init[969]: | . o o oS        |
[   22.855458] cloud-init[969]: |+ +   Boo        |
[0;32m  OK  [0m] Started Daily Cleanup of Temporary Directories.
[[   22.855608] cloud-init[969]: |*@ E +=+.o       |
[   22.886951] cloud-init[969]: |^+=.++.+...      |
[   22.887058] cloud-init[969]: |&X*=o..o+        |
[   22.887228] cloud-init[969]: +----[SHA256]-----+
[   22.887381] cloud-init[969]: Generating public/private ed25519 key pair.
[   22.887540] cloud-init[969]: Your identification has been saved in /etc/ssh/ssh_host_ed25519_key.
[   22.887706] cloud-init[969]: Your public key has been saved in /etc/ssh/ssh_host_ed25519_key.pub.
[   22.887851] cloud-init[969]: The key fingerprint is:
[   22.888038] cloud-init[969]: SHA256:0eje2aeBgtGUP56hl3P/JJqbZw+SrYRi+dXv4IghCJo root@ubuntu-xenial
[   22.888179] cloud-init[969]: The key's randomart image is:
[   22.888329] cloud-init[969]: +--[ED25519 256]--+
[   22.888475] cloud-init[969]: |                 |
[0;32m  OK  [0m[   22.888611] ] cloud-initReached target Timers.[969]: 
|         +       |
         [   22.888658] cloud-init[969]: |        = .      |
[   23.091356] cloud-init[969]: |       + o       |
Starting Socket activation for snappy daemon.
[   23.091396] cloud-init[969]: |    . . S +      |
[   23.114299] cloud-init[969]: |   o . = = X +   |
[   23.114430] cloud-init[969]: |  E   o O % O B .|
[   23.114591] cloud-init[969]: |       . * B &o* |
[   23.114743] cloud-init[969]: |          o O+o+=|
[   23.114898] cloud-init[969]: +----[SHA256]-----+
[[0;32m  OK  [0m] Reached target Network is Online.
         Starting iSCSI initiator daemon (iscsid)...
[[0;32m  OK  [0m] Listening on LXD - unix socket.
[[0;32m  OK  [0m] Listening on Socket activation for snappy daemon.
[[0;32m  OK  [0m] Started iSCSI initiator daemon (iscsid).
         Starting Login to default iSCSI targets...
[[0;32m  OK  [0m] Reached target Sockets.
[[0;32m  OK  [0m] Reached target Basic System.
         Starting LSB: Record successful boot for GRUB...
[[0;32m  OK  [0m] Started D-Bus System Message Bus.
         Starting System Logging Service...
         Starting Pollinate to seed the pseudo random number generator...
         Starting LXD - container startup/shutdown...
         Starting /etc/rc.local Compatibility...
         Starting LSB: MD monitoring daemon...
         Starting Apply the settings specified in cloud-config...
         Starting Login Service...
[[0;32m  OK  [0m] Started FUSE filesystem for LXC.
         Starting Accounts Service...
[[0;32m  OK  [0m] Started ACPI event daemon.
[[0;32m  OK  [0m] Started Regular background program processing daemon.
[[0;32m  OK  [0m] Started Unattended Upgrades Shutdown.
         Starting Snappy daemon...
[[0;32m  OK  [0m] Started Deferred execution scheduler.
         Starting Virtualbox guest utils...
[[0;32m  OK  [0m] Started System Logging Service.
[[0;32m  OK  [0m] Started LXD - container startup/shutdown.
[[0;32m  OK  [0m] Started /etc/rc.local Compatibility.
[[0;32m  OK  [0m] Started LSB: Record successful boot for GRUB.
[[0;32m  OK  [0m] Started Snappy daemon.
[[0;32m  OK  [0m] Started Login to default iSCSI targets.
[[0;32m  OK  [0m] Started LSB: MD monitoring daemon.
[[0;32m  OK  [0m] Started Pollinate to seed the pseudo random number generator.
[   23.850923] cloud-init[1099]: Generating locales (this might take a while)...
[[0;32m  OK  [0m] Started Login Service.
[[0;32m  OK  [0m] Started Virtualbox guest utils.
         Starting Authenticate and Authorize Users to Run Privileged Tasks...
         Starting OpenBSD Secure Shell server...
[[0;32m  OK  [0m] Reached target Remote File Systems (Pre).
[[0;32m  OK  [0m] Reached target Remote File Systems.
         Starting LSB: automatic crash report generation...
         Starting LSB: daemon to balance interrupts for SMP systems...
         Starting LSB: Set the CPU Frequency Scaling governor to "ondemand"...
         Starting Permit User Sessions...
         Starting Wait until snapd is fully seeded...
[[0;32m  OK  [0m] Started OpenBSD Secure Shell server.
[[0;32m  OK  [0m] Started Permit User Sessions.
[[0;32m  OK  [0m] Started Authenticate and Authorize Users to Run Privileged Tasks.
[[0;32m  OK  [0m] Started Accounts Service.
[[0;32m  OK  [0m] Started LSB: automatic crash report generation.
         Starting Hold until boot process finishes up...
         Starting Terminate Plymouth Boot Screen...
[[0;32m  OK  [0m] Started LSB: daemon to balance interrupts for SMP systems.
[[0;32m  OK  [0m] Started LSB: Set the CPU Frequency Scaling governor to "ondemand".
[[0;32m  OK  [0m] Started Hold until boot process finishes up.
[[0;32m  OK  [0m] Started Terminate Plymouth Boot Screen.
         Starting Set console scheme...
[[0;32m  OK  [0m] Started Getty on tty1.
[[0;32m  OK  [0m] Started Serial Getty on ttyS0.
[[0;32m  OK  [0m] Reached target Login Prompts.
[[0;32m  OK  [0m] Started Set console scheme.
[[0;32m  OK  [0m] Created slice User Slice of vagrant.
         Starting User Manager for UID 1000...
[[0;32m  OK  [0m] Started Session 1 of user vagrant.
[[0;32m  OK  [0m] Started User Manager for UID 1000.
[   24.604843] cloud-init[1099]:   en_US.UTF-8... done
[   24.605894] cloud-init[1099]: Generation complete.
[[0;32m  OK  [0m] Started Wait until snapd is fully seeded.
[[0;32m  OK  [0m] Reached target Multi-User System.
[[0;32m  OK  [0m] Reached target Graphical Interface.
         Starting Update UTMP about System Runlevel Changes...
[[0;32m  OK  [0m] Started Update UTMP about System Runlevel Changes.
[   24.894698] cloud-init[1099]: Cloud-init v. 18.2 running 'modules:config' at Wed, 04 Jul 2018 07:06:27 +0000. Up 23.70 seconds.
[[0;32m  OK  [0m] Started Apply the settings specified in cloud-config.
         Starting Execute cloud user/final scripts...
ci-info: no authorized ssh keys fingerprints found for user ubuntu.
<14>Jul  4 07:06:28 ec2: 
<14>Jul  4 07:06:28 ec2: #############################################################
<14>Jul  4 07:06:28 ec2: -----BEGIN SSH HOST KEY FINGERPRINTS-----
<14>Jul  4 07:06:28 ec2: 1024 SHA256:Mmt/2APpqhb0XdoGwE9YqS3nZuLj7XZ12vo4qT/PHQ0 root@ubuntu-xenial (DSA)
<14>Jul  4 07:06:28 ec2: 256 SHA256:2m6eME6Kqk5u38XcA5q6IGK8ddECa+LKrJOg2utIYnk root@ubuntu-xenial (ECDSA)
<14>Jul  4 07:06:28 ec2: 256 SHA256:0eje2aeBgtGUP56hl3P/JJqbZw+SrYRi+dXv4IghCJo root@ubuntu-xenial (ED25519)
<14>Jul  4 07:06:28 ec2: 2048 SHA256:aLawsHiIQHX0MbtD2ui1J471b6MHOLNq7UyQGcpbaVQ root@ubuntu-xenial (RSA)
<14>Jul  4 07:06:28 ec2: -----END SSH HOST KEY FINGERPRINTS-----
<14>Jul  4 07:06:28 ec2: #############################################################
-----BEGIN SSH HOST KEY KEYS-----
ecdsa-sha2-nistp256 AAAAE2VjZHNhLXNoYTItbmlzdHAyNTYAAAAIbmlzdHAyNTYAAABBBOns9tLG6qZr4FZcX3WDXPcfgRUF0WA4ecvmGuAP/OTwtfgBfiH+wwAz39t2Pav5gVdN4vc9VHTuB0ydVwicImw= root@ubuntu-xenial
ssh-ed25519 AAAAC3NzaC1lZDI1NTE5AAAAIDzfKL6N2jujinR2DGxIpzNCDpd5LiBnRAJgZRQJaf4x root@ubuntu-xenial
ssh-rsa AAAAB3NzaC1yc2EAAAADAQABAAABAQCwH4qj5G6u3e52SsI1YFby9/NG5H3+XEQwOP8HorWNrseJP+RJG/Gh/Ex8JzjLF4cDi2G/PRb52Cns9feGHWsJ3XCj+j86JQ0C0ZxnAHQ7/teEY4/kDFsrPkyz41VGN8ZhLNTpglfFpQ87twYGUhmDEbAW3/4aydpEAm8sXV3CHVLSW1M74bxTrNUL4pMvFIno5jyieGzEKkkMFdZg/CcpL8X3407k06faHy5UjTDHj1YuDprh6mD9PIjRJ4csYV3BhJ5VTXQH1NZtLi3HgEEdGINj+Ez2yceAgU/BcUKiCbf9KDwY26W7DmlzX6zwoRje8TTS95Xl9wtIkzlDciI1 root@ubuntu-xenial
-----END SSH HOST KEY KEYS-----
[   25.481182] cloud-init[1405]: Cloud-init v. 18.2 running 'modules:final' at Wed, 04 Jul 2018 07:06:28 +0000. Up 25.18 seconds.
[   25.507778] cloud-init[1405]: ci-info: no authorized ssh keys fingerprints found for user ubuntu.
[   25.546388] [cloud-init[0;32m  OK  [0m[1405]: ] Cloud-init v. 18.2 finished at Wed, 04 Jul 2018 07:06:28 +0000. Datasource DataSourceNoCloud [seed=/dev/sdb][dsmode=net].  Up 25.47 secondsStarted Execute cloud user/final scripts.

[[0;32m  OK  [0m] Reached target Cloud-init target.

Ubuntu 16.04.4 LTS ubuntu-xenial ttyS0

ubuntu-xenial login: [  144.593025] e1000 0000:00:03.0 enp0s3: Detected Tx Unit Hang
[  144.593025]   Tx Queue             <0>
[  144.593025]   TDH                  <71>
[  144.593025]   TDT                  <75>
[  144.593025]   next_to_use          <75>
[  144.593025]   next_to_clean        <71>
[  144.593025] buffer_info[next_to_clean]
[  144.593025]   time_stamp           <ffff5fff>
[  144.593025]   next_to_watch        <72>
[  144.593025]   jiffies              <ffff62f2>
[  144.593025]   next_to_watch.status <0>
[  146.656395] e1000 0000:00:03.0 enp0s3: Detected Tx Unit Hang
[  146.656395]   Tx Queue             <0>
[  146.656395]   TDH                  <71>
[  146.656395]   TDT                  <75>
[  146.656395]   next_to_use          <75>
[  146.656395]   next_to_clean        <71>
[  146.656395] buffer_info[next_to_clean]
[  146.656395]   time_stamp           <ffff5fff>
[  146.656395]   next_to_watch        <72>
[  146.656395]   jiffies              <ffff64f6>
[  146.656395]   next_to_watch.status <0>
[  148.895417] e1000 0000:00:03.0 enp0s3: Detected Tx Unit Hang
[  148.895417]   Tx Queue             <0>
[  148.895417]   TDH                  <71>
[  148.895417]   TDT                  <75>
[  148.895417]   next_to_use          <75>
[  148.895417]   next_to_clean        <71>
[  148.895417] buffer_info[next_to_clean]
[  148.895417]   time_stamp           <ffff5fff>
[  148.895417]   next_to_watch        <72>
[  148.895417]   jiffies              <ffff6726>
[  148.895417]   next_to_watch.status <0>
[  151.058062] e1000 0000:00:03.0 enp0s3: Detected Tx Unit Hang
[  151.058062]   Tx Queue             <0>
[  151.058062]   TDH                  <71>
[  151.058062]   TDT                  <75>
[  151.058062]   next_to_use          <75>
[  151.058062]   next_to_clean        <71>
[  151.058062] buffer_info[next_to_clean]
[  151.058062]   time_stamp           <ffff5fff>
[  151.058062]   next_to_watch        <72>
[  151.058062]   jiffies              <ffff6943>
[  151.058062]   next_to_watch.status <0>
[  151.221478] e1000 0000:00:03.0 enp0s3: Reset adapter
